Determining if the pthread_create exist failed with the following output:
Change Dir: /home/pi/Desktop/PinkPanther/Apriltag/apriltag-master/CMakeFiles/CMakeTmp

Run Build Command:"/usr/bin/make" "cmTC_694f8/fast"
/usr/bin/make -f CMakeFiles/cmTC_694f8.dir/build.make CMakeFiles/cmTC_694f8.dir/build
make[1]: Entering directory '/home/pi/Desktop/PinkPanther/Apriltag/apriltag-master/CMakeFiles/CMakeTmp'
Building C object CMakeFiles/cmTC_694f8.dir/CheckSymbolExists.c.o
/usr/bin/cc    -o CMakeFiles/cmTC_694f8.dir/CheckSymbolExists.c.o   -c /home/pi/Desktop/PinkPanther/Apriltag/apriltag-master/CMakeFiles/CMakeTmp/CheckSymbolExists.c
Linking C executable cmTC_694f8
/usr/bin/cmake -E cmake_link_script CMakeFiles/cmTC_694f8.dir/link.txt --verbose=1
/usr/bin/cc      -rdynamic CMakeFiles/cmTC_694f8.dir/CheckSymbolExists.c.o  -o cmTC_694f8 
/usr/bin/ld: CMakeFiles/cmTC_694f8.dir/CheckSymbolExists.c.o: in function `main':
CheckSymbolExists.c:(.text+0x38): undefined reference to `pthread_create'
collect2: error: ld returned 1 exit status
make[1]: *** [CMakeFiles/cmTC_694f8.dir/build.make:87: cmTC_694f8] Error 1
make[1]: Leaving directory '/home/pi/Desktop/PinkPanther/Apriltag/apriltag-master/CMakeFiles/CMakeTmp'
make: *** [Makefile:121: cmTC_694f8/fast] Error 2

File /home/pi/Desktop/PinkPanther/Apriltag/apriltag-master/CMakeFiles/CMakeTmp/CheckSymbolExists.c:
/* */
#include <pthread.h>

int main(int argc, char** argv)
{
  (void)argv;
#ifndef pthread_create
  return ((int*)(&pthread_create))[argc];
#else
  (void)argc;
  return 0;
#endif
}

Determining if the function pthread_create exists in the pthreads failed with the following output:
Change Dir: /home/pi/Desktop/PinkPanther/Apriltag/apriltag-master/CMakeFiles/CMakeTmp

Run Build Command:"/usr/bin/make" "cmTC_15cee/fast"
/usr/bin/make -f CMakeFiles/cmTC_15cee.dir/build.make CMakeFiles/cmTC_15cee.dir/build
make[1]: Entering directory '/home/pi/Desktop/PinkPanther/Apriltag/apriltag-master/CMakeFiles/CMakeTmp'
Building C object CMakeFiles/cmTC_15cee.dir/CheckFunctionExists.c.o
/usr/bin/cc   -DCHECK_FUNCTION_EXISTS=pthread_create   -o CMakeFiles/cmTC_15cee.dir/CheckFunctionExists.c.o   -c /usr/share/cmake-3.13/Modules/CheckFunctionExists.c
Linking C executable cmTC_15cee
/usr/bin/cmake -E cmake_link_script CMakeFiles/cmTC_15cee.dir/link.txt --verbose=1
/usr/bin/cc  -DCHECK_FUNCTION_EXISTS=pthread_create    -rdynamic CMakeFiles/cmTC_15cee.dir/CheckFunctionExists.c.o  -o cmTC_15cee -lpthreads 
/usr/bin/ld: cannot find -lpthreads
collect2: error: ld returned 1 exit status
make[1]: *** [CMakeFiles/cmTC_15cee.dir/build.make:87: cmTC_15cee] Error 1
make[1]: Leaving directory '/home/pi/Desktop/PinkPanther/Apriltag/apriltag-master/CMakeFiles/CMakeTmp'
make: *** [Makefile:121: cmTC_15cee/fast] Error 2


